f:\programy\sprawdzian\sprawdzian\debug\vc100.pdb
f:\programy\sprawdzian\sprawdzian\debug\main.obj
f:\programy\sprawdzian\sprawdzian\debug\statystyka.obj
f:\programy\sprawdzian\sprawdzian\debug\wyrazeniealgeb.obj
f:\programy\sprawdzian\debug\sprawdzian.ilk
f:\programy\sprawdzian\debug\sprawdzian.exe
f:\programy\sprawdzian\sprawdzian\debug\sprawdzian.exe.intermediate.manifest
f:\programy\sprawdzian\debug\sprawdzian.pdb
d:\programy\sprawdzian\sprawdzian\debug\sprawdzian.vcxprojresolveassemblyreference.cache
d:\programy\sprawdzian\sprawdzian\debug\main.obj
d:\programy\sprawdzian\sprawdzian\debug\statystyka.obj
d:\programy\sprawdzian\sprawdzian\debug\wyrazeniealgeb.obj
d:\programy\sprawdzian\sprawdzian\debug\cl.command.1.tlog
d:\programy\sprawdzian\sprawdzian\debug\cl.read.1.tlog
d:\programy\sprawdzian\sprawdzian\debug\cl.write.1.tlog
d:\programy\sprawdzian\sprawdzian\debug\link.command.1.tlog
d:\programy\sprawdzian\sprawdzian\debug\link.read.1.tlog
d:\programy\sprawdzian\sprawdzian\debug\link.write.1.tlog
d:\programy\sprawdzian\sprawdzian\debug\mt.command.1.tlog
d:\programy\sprawdzian\sprawdzian\debug\mt.read.1.tlog
d:\programy\sprawdzian\sprawdzian\debug\mt.write.1.tlog
d:\programy\sprawdzian\sprawdzian\debug\sprawdzian.write.1.tlog
d:\programy\sprawdzian\sprawdzian\debug\sprawdzian.exe.intermediate.manifest
d:\programy\sprawdzian\sprawdzian\debug\vc100.idb
d:\programy\sprawdzian\sprawdzian\debug\vc100.pdb
d:\programy\sprawdzian\debug\sprawdzian.pdb
d:\programy\sprawdzian\debug\sprawdzian.exe
d:\programy\sprawdzian\debug\sprawdzian.ilk
